build/app/intermediates/manifest_merge_blame_file/debug/manifest-merger-blame-debug-report.txt
1<?xml version="1.0" encoding="utf-8"?>
2<manifest xmlns:android="http://schemas.android.com/apk/res/android"
3    package="com.example.flutter_image_camera"
4    android:versionCode="1"
5    android:versionName="1.0.0" >
6
7    <uses-sdk
8        android:minSdkVersion="16"
9        android:targetSdkVersion="28" />
10    <!--
11         Flutter needs it to communicate with the running application
12         to allow setting breakpoints, to provide hot reload, etc.
13    -->
14    <uses-permission android:name="android.permission.INTERNET" />
14-->src\debug\AndroidManifest.xml:6:5-66
14-->src\debug\AndroidManifest.xml:6:22-64
15    <!--
16     io.flutter.app.FlutterApplication is an android.app.Application that
17         calls FlutterMain.startInitialization(this); in its onCreate method.
18         In most cases you can leave this as-is, but you if you want to provide
19         additional functionality it is fine to subclass or reimplement
20         FlutterApplication and put your custom class here.
21    -->
22    <uses-permission android:name="android.permission.WRITE_EXTERNAL_STORAGE" />
22-->src\main\AndroidManifest.xml:8:10-86
22-->src\main\AndroidManifest.xml:8:27-83
23    <uses-permission android:name="android.permission.READ_EXTERNAL_STORAGE" />
23-->[:image_picker] AndroidManifest.xml:7:5-80
23-->[:image_picker] AndroidManifest.xml:7:22-77
24
25    <application
25-->src\main\AndroidManifest.xml:9:5-34:19
26        android:name="io.flutter.app.FlutterApplication"
26-->src\main\AndroidManifest.xml:10:9-57
27        android:appComponentFactory="androidx.core.app.CoreComponentFactory"
27-->[androidx.core:core:1.1.0] AndroidManifest.xml:24:18-86
28        android:debuggable="true"
29        android:icon="@mipmap/ic_launcher"
29-->src\main\AndroidManifest.xml:12:9-43
30        android:label="flutter_image_camera" >
30-->src\main\AndroidManifest.xml:11:9-45
31        <activity
31-->src\main\AndroidManifest.xml:13:9-24:20
32            android:name="com.example.flutter_image_camera.MainActivity"
32-->src\main\AndroidManifest.xml:14:13-41
33            android:configChanges="orientation|keyboardHidden|keyboard|screenSize|smallestScreenSize|locale|layoutDirection|fontScale|screenLayout|density|uiMode"
33-->src\main\AndroidManifest.xml:17:13-163
34            android:hardwareAccelerated="true"
34-->src\main\AndroidManifest.xml:18:13-47
35            android:launchMode="singleTop"
35-->src\main\AndroidManifest.xml:15:13-43
36            android:theme="@style/LaunchTheme"
36-->src\main\AndroidManifest.xml:16:13-47
37            android:windowSoftInputMode="adjustResize" >
37-->src\main\AndroidManifest.xml:19:13-55
38            <intent-filter>
38-->src\main\AndroidManifest.xml:20:13-23:29
39                <action android:name="android.intent.action.MAIN" />
39-->src\main\AndroidManifest.xml:21:17-68
39-->src\main\AndroidManifest.xml:21:25-66
40
41                <category android:name="android.intent.category.LAUNCHER" />
41-->src\main\AndroidManifest.xml:22:17-76
41-->src\main\AndroidManifest.xml:22:27-74
42            </intent-filter>
43        </activity>
44        <activity
44-->src\main\AndroidManifest.xml:25:9-28:67
45            android:name="com.yalantis.ucrop.UCropActivity"
45-->src\main\AndroidManifest.xml:26:9-56
46            android:screenOrientation="portrait"
46-->src\main\AndroidManifest.xml:27:9-45
47            android:theme="@style/Theme.AppCompat.Light.NoActionBar" />
47-->src\main\AndroidManifest.xml:28:9-65
48        <!--
49             Don't delete the meta-data below.
50             This is used by the Flutter tool to generate GeneratedPluginRegistrant.java
51        -->
52        <meta-data
52-->src\main\AndroidManifest.xml:31:9-33:33
53            android:name="flutterEmbedding"
53-->src\main\AndroidManifest.xml:32:13-44
54            android:value="2" />
54-->src\main\AndroidManifest.xml:33:13-30
55
56        <provider
56-->[:image_picker] AndroidManifest.xml:11:9-19:20
57            android:name="io.flutter.plugins.imagepicker.ImagePickerFileProvider"
57-->[:image_picker] AndroidManifest.xml:12:13-82
58            android:authorities="com.example.flutter_image_camera.flutter.image_provider"
58-->[:image_picker] AndroidManifest.xml:13:13-74
59            android:exported="false"
59-->[:image_picker] AndroidManifest.xml:14:13-37
60            android:grantUriPermissions="true" >
60-->[:image_picker] AndroidManifest.xml:15:13-47
61            <meta-data
61-->[:image_picker] AndroidManifest.xml:16:13-18:75
62                android:name="android.support.FILE_PROVIDER_PATHS"
62-->[:image_picker] AndroidManifest.xml:17:17-67
63                android:resource="@xml/flutter_image_picker_file_paths" />
63-->[:image_picker] AndroidManifest.xml:18:17-72
64        </provider>
65    </application>
66
67</manifest>